<?xml version="1.0" encoding="UTF-8" ?>
<testsuite tests="22" failures="0" name="com.alsie.kataNumberToLcdTest.TestNumberToLCD" time="0.206" errors="0" skipped="0">
  <properties>
    <property name="java.runtime.name" value="OpenJDK Runtime Environment"/>
    <property name="java.vm.version" value="11.0.4+11-post-Ubuntu-1ubuntu219.04"/>
    <property name="sun.boot.library.path" value="/usr/lib/jvm/java-11-openjdk-amd64/lib"/>
    <property name="maven.multiModuleProjectDirectory" value="/home/osboxes/Downloads/KataNumberToLcd-master"/>
    <property name="java.vm.vendor" value="Ubuntu"/>
    <property name="java.vendor.url" value="https://ubuntu.com/"/>
    <property name="guice.disable.misplaced.annotation.check" value="true"/>
    <property name="path.separator" value=":"/>
    <property name="java.vm.name" value="OpenJDK 64-Bit Server VM"/>
    <property name="sun.os.patch.level" value="unknown"/>
    <property name="user.country" value="US"/>
    <property name="sun.java.launcher" value="SUN_STANDARD"/>
    <property name="test" value="com.alsie.kataNumberToLcdTest.TestNumberToLCD"/>
    <property name="java.vm.specification.name" value="Java Virtual Machine Specification"/>
    <property name="user.dir" value="/home/osboxes/Downloads/KataNumberToLcd-master"/>
    <property name="java.vm.compressedOopsMode" value="32-bit"/>
    <property name="java.runtime.version" value="11.0.4+11-post-Ubuntu-1ubuntu219.04"/>
    <property name="java.awt.graphicsenv" value="sun.awt.X11GraphicsEnvironment"/>
    <property name="os.arch" value="amd64"/>
    <property name="java.io.tmpdir" value="/tmp"/>
    <property name="line.separator" value="
"/>
    <property name="java.vm.specification.vendor" value="Oracle Corporation"/>
    <property name="os.name" value="Linux"/>
    <property name="maven.ext.class.path" value="/snap/netbeans/10/netbeans/java/maven-nblib/netbeans-eventspy.jar"/>
    <property name="classworlds.conf" value="/snap/netbeans/10/netbeans/java/maven/bin/m2.conf"/>
    <property name="sun.jnu.encoding" value="UTF-8"/>
    <property name="java.library.path" value="/usr/java/packages/lib:/usr/lib/x86_64-linux-gnu/jni:/lib/x86_64-linux-gnu:/usr/lib/x86_64-linux-gnu:/usr/lib/jni:/lib:/usr/lib"/>
    <property name="jdk.debug" value="release"/>
    <property name="java.class.version" value="55.0"/>
    <property name="java.specification.name" value="Java Platform API Specification"/>
    <property name="sun.management.compiler" value="HotSpot 64-Bit Tiered Compilers"/>
    <property name="os.version" value="5.0.0-29-generic"/>
    <property name="user.home" value="/home/osboxes"/>
    <property name="user.timezone" value="America/La_Paz"/>
    <property name="java.awt.printerjob" value="sun.print.PSPrinterJob"/>
    <property name="file.encoding" value="UTF-8"/>
    <property name="java.specification.version" value="11"/>
    <property name="user.name" value="osboxes"/>
    <property name="java.class.path" value="/snap/netbeans/10/netbeans/java/maven/boot/plexus-classworlds-2.5.2.jar"/>
    <property name="java.vm.specification.version" value="11"/>
    <property name="sun.arch.data.model" value="64"/>
    <property name="sun.java.command" value="org.codehaus.plexus.classworlds.launcher.Launcher -Dtest=com.alsie.kataNumberToLcdTest.TestNumberToLCD -Dmaven.ext.class.path=/snap/netbeans/10/netbeans/java/maven-nblib/netbeans-eventspy.jar surefire:test"/>
    <property name="java.home" value="/usr/lib/jvm/java-11-openjdk-amd64"/>
    <property name="user.language" value="en"/>
    <property name="java.specification.vendor" value="Oracle Corporation"/>
    <property name="awt.toolkit" value="sun.awt.X11.XToolkit"/>
    <property name="java.vm.info" value="mixed mode, sharing"/>
    <property name="java.version" value="11.0.4"/>
    <property name="securerandom.source" value="file:/dev/./urandom"/>
    <property name="java.vendor" value="Ubuntu"/>
    <property name="maven.home" value="/snap/netbeans/10/netbeans/java/maven"/>
    <property name="file.separator" value="/"/>
    <property name="java.version.date" value="2019-07-16"/>
    <property name="java.vendor.url.bug" value="https://bugs.launchpad.net/ubuntu/+source/openjdk-lts"/>
    <property name="sun.io.unicode.encoding" value="UnicodeLittle"/>
    <property name="sun.cpu.endian" value="little"/>
    <property name="sun.desktop" value="gnome"/>
    <property name="sun.cpu.isalist" value=""/>
  </properties>
  <testcase classname="com.alsie.kataNumberToLcdTest.TestNumberToLCD$TestNumberToLCD_FOR_0_TO_9" name="TestNumberToLCD_FOR_0" time="0.034"/>
  <testcase classname="com.alsie.kataNumberToLcdTest.TestNumberToLCD$TestNumberToLCD_FOR_0_TO_9" name="TestNumberToLCD_FOR_1" time="0.004"/>
  <testcase classname="com.alsie.kataNumberToLcdTest.TestNumberToLCD$TestNumberToLCD_FOR_0_TO_9" name="TestNumberToLCD_FOR_2" time="0.001"/>
  <testcase classname="com.alsie.kataNumberToLcdTest.TestNumberToLCD$TestNumberToLCD_FOR_0_TO_9" name="TestNumberToLCD_FOR_3" time="0.001"/>
  <testcase classname="com.alsie.kataNumberToLcdTest.TestNumberToLCD$TestNumberToLCD_FOR_0_TO_9" name="TestNumberToLCD_FOR_4" time="0.007"/>
  <testcase classname="com.alsie.kataNumberToLcdTest.TestNumberToLCD$TestNumberToLCD_FOR_0_TO_9" name="TestNumberToLCD_FOR_5" time="0"/>
  <testcase classname="com.alsie.kataNumberToLcdTest.TestNumberToLCD$TestNumberToLCD_FOR_0_TO_9" name="TestNumberToLCD_FOR_6" time="0.005"/>
  <testcase classname="com.alsie.kataNumberToLcdTest.TestNumberToLCD$TestNumberToLCD_FOR_0_TO_9" name="TestNumberToLCD_FOR_7" time="0.002"/>
  <testcase classname="com.alsie.kataNumberToLcdTest.TestNumberToLCD$TestNumberToLCD_FOR_0_TO_9" name="TestNumberToLCD_FOR_8" time="0.002"/>
  <testcase classname="com.alsie.kataNumberToLcdTest.TestNumberToLCD$TestNumberToLCD_FOR_0_TO_9" name="TestNumberToLCD_FOR_9" time="0"/>
  <testcase classname="com.alsie.kataNumberToLcdTest.TestNumberToLCD$TestNumberToLCD_FOR_0_TO_9" name="TestNumberToLCD_FOR_10" time="0.113"/>
  <testcase classname="com.alsie.kataNumberToLcdTest.TestNumberToLCD$TestNumberToLCD_FOR_100_TO_900" name="TestNumberToLCD_FOR_100" time="0.001"/>
  <testcase classname="com.alsie.kataNumberToLcdTest.TestNumberToLCD$TestNumberToLCD_FOR_100_TO_900" name="TestNumberToLCD_FOR_200" time="0"/>
  <testcase classname="com.alsie.kataNumberToLcdTest.TestNumberToLCD$TestNumberToLCD_FOR_100_TO_900" name="TestNumberToLCD_FOR_300" time="0"/>
  <testcase classname="com.alsie.kataNumberToLcdTest.TestNumberToLCD$TestNumberToLCD_FOR_100_TO_900" name="TestNumberToLCD_FOR_400" time="0"/>
  <testcase classname="com.alsie.kataNumberToLcdTest.TestNumberToLCD$TestNumberToLCD_FOR_100_TO_900" name="TestNumberToLCD_FOR_500" time="0.001"/>
  <testcase classname="com.alsie.kataNumberToLcdTest.TestNumberToLCD$TestNumberToLCD_FOR_100_TO_900" name="TestNumberToLCD_FOR_600" time="0.003"/>
  <testcase classname="com.alsie.kataNumberToLcdTest.TestNumberToLCD$TestNumberToLCD_FOR_100_TO_900" name="TestNumberToLCD_FOR_700" time="0"/>
  <testcase classname="com.alsie.kataNumberToLcdTest.TestNumberToLCD$TestNumberToLCD_FOR_100_TO_900" name="TestNumberToLCD_FOR_800" time="0.002"/>
  <testcase classname="com.alsie.kataNumberToLcdTest.TestNumberToLCD$TestNumberToLCD_FOR_100_TO_900" name="TestNumberToLCD_FOR_900" time="0.002"/>
  <testcase classname="com.alsie.kataNumberToLcdTest.TestNumberToLCD$TestNumberToLCD_YEARS" name="TestNumberToLCD_FOR_1977" time="0.001"/>
  <testcase classname="com.alsie.kataNumberToLcdTest.TestNumberToLCD$TestNumberToLCD_LEVEL" name="TestNumberToLCD_FOR_LEVEL_2_2" time="0.027"/>
</testsuite>